[2020-09-08T16:42:20.822] [DEBUG] cheese - login => username:admin,password:123456
[2020-09-08T16:42:20.837] [DEBUG] cheese - admin
[2020-09-08T16:42:20.915] [DEBUG] cheese - null
[2020-09-08T16:42:20.915] [DEBUG] cheese - null
[2020-09-08T16:44:58.379] [DEBUG] cheese - login => username:admin,password:123456
[2020-09-08T16:44:58.379] [DEBUG] cheese - admin
[2020-09-08T16:44:58.383] [DEBUG] cheese - null
[2020-09-08T16:44:58.383] [DEBUG] cheese - null
[2020-09-09T19:52:27.145] [DEBUG] cheese - login => username:额被v而v,password:verververver
[2020-09-09T19:52:27.147] [DEBUG] cheese - 额被v而v
[2020-09-09T19:52:27.179] [DEBUG] cheese - null
[2020-09-09T19:52:27.180] [DEBUG] cheese - null
[2020-09-09T20:01:41.300] [DEBUG] cheese - login => username:admin,password:123456
[2020-09-09T20:01:41.300] [DEBUG] cheese - admin
[2020-09-09T20:01:41.304] [DEBUG] cheese - null
[2020-09-09T20:01:41.304] [DEBUG] cheese - null
[2020-09-09T20:01:47.288] [DEBUG] cheese - login => username:admin,password:123456
[2020-09-09T20:01:47.288] [DEBUG] cheese - admin
[2020-09-09T20:01:47.290] [DEBUG] cheese - null
[2020-09-09T20:01:47.290] [DEBUG] cheese - null
[2020-09-09T20:02:24.756] [DEBUG] cheese - login => username:admin,password:123456
[2020-09-09T20:02:24.756] [DEBUG] cheese - admin
[2020-09-09T20:02:24.758] [DEBUG] cheese - null
[2020-09-09T20:02:24.758] [DEBUG] cheese - null
[2020-09-09T20:02:27.183] [DEBUG] cheese - login => username:admin,password:123456
[2020-09-09T20:02:27.183] [DEBUG] cheese - admin
[2020-09-09T20:02:27.185] [DEBUG] cheese - null
[2020-09-09T20:02:27.185] [DEBUG] cheese - null
[2020-09-09T20:02:28.239] [DEBUG] cheese - login => username:admin,password:123456
[2020-09-09T20:02:28.239] [DEBUG] cheese - admin
[2020-09-09T20:02:28.241] [DEBUG] cheese - null
[2020-09-09T20:02:28.241] [DEBUG] cheese - null
[2020-09-09T20:03:03.719] [DEBUG] cheese - login => username:admin,password:123456
[2020-09-09T20:03:03.719] [DEBUG] cheese - admin
[2020-09-09T20:03:03.720] [DEBUG] cheese - null
[2020-09-09T20:03:03.721] [DEBUG] cheese - null
[2020-09-09T20:03:09.034] [DEBUG] cheese - login => username:admin,password:123456
[2020-09-09T20:03:09.034] [DEBUG] cheese - admin
[2020-09-09T20:03:09.036] [DEBUG] cheese - null
[2020-09-09T20:03:09.036] [DEBUG] cheese - null
[2020-09-09T20:04:38.484] [DEBUG] cheese - login => username:admin,password:123456
[2020-09-09T20:04:38.485] [DEBUG] cheese - admin
[2020-09-09T20:04:38.493] [DEBUG] cheese - null
[2020-09-09T20:04:38.494] [DEBUG] cheese - null
[2020-09-09T20:05:24.529] [DEBUG] cheese - login => username:admin,password:123456
[2020-09-09T20:05:24.530] [DEBUG] cheese - admin
[2020-09-09T20:05:24.533] [DEBUG] cheese - null
[2020-09-09T20:05:24.533] [DEBUG] cheese - null
[2020-09-09T20:07:36.793] [DEBUG] cheese - login => username:茶山村撒,password:ss scs
[2020-09-09T20:07:36.793] [DEBUG] cheese - 茶山村撒
[2020-09-09T20:07:36.796] [DEBUG] cheese - null
[2020-09-09T20:07:36.796] [DEBUG] cheese - null
[2020-09-09T20:07:38.720] [DEBUG] cheese - login => username:茶山村撒,password:ss scs
[2020-09-09T20:07:38.720] [DEBUG] cheese - 茶山村撒
[2020-09-09T20:07:38.721] [DEBUG] cheese - null
[2020-09-09T20:07:38.721] [DEBUG] cheese - null
[2020-09-09T20:07:41.865] [DEBUG] cheese - login => username:茶山村撒,password:ss scsascsa 
[2020-09-09T20:07:41.865] [DEBUG] cheese - 茶山村撒
[2020-09-09T20:07:41.866] [DEBUG] cheese - null
[2020-09-09T20:07:41.866] [DEBUG] cheese - null
[2020-09-09T20:07:42.469] [DEBUG] cheese - login => username:茶山村撒,password:ss scsascsa 
[2020-09-09T20:07:42.469] [DEBUG] cheese - 茶山村撒
[2020-09-09T20:07:42.470] [DEBUG] cheese - null
[2020-09-09T20:07:42.470] [DEBUG] cheese - null
[2020-09-09T20:07:42.630] [DEBUG] cheese - login => username:茶山村撒,password:ss scsascsa 
[2020-09-09T20:07:42.630] [DEBUG] cheese - 茶山村撒
[2020-09-09T20:07:42.631] [DEBUG] cheese - null
[2020-09-09T20:07:42.631] [DEBUG] cheese - null
[2020-09-09T20:10:48.346] [DEBUG] cheese - login => username:二次错误,password:cscscscsc
[2020-09-09T20:10:48.346] [DEBUG] cheese - 二次错误
[2020-09-09T20:10:48.349] [DEBUG] cheese - null
[2020-09-09T20:10:48.349] [DEBUG] cheese - null
[2020-09-09T20:11:00.124] [DEBUG] cheese - login => username:admin,password:123456
[2020-09-09T20:11:00.124] [DEBUG] cheese - admin
[2020-09-09T20:11:00.125] [DEBUG] cheese - null
[2020-09-09T20:11:00.126] [DEBUG] cheese - null
[2020-09-09T20:18:55.519] [DEBUG] cheese - login => username:admin,password:123456
[2020-09-09T20:18:55.519] [DEBUG] cheese - admin
[2020-09-09T20:18:55.521] [DEBUG] cheese - null
[2020-09-09T20:18:55.521] [DEBUG] cheese - null
[2020-09-09T23:23:44.447] [DEBUG] cheese - login => username:admin,password:123456
[2020-09-09T23:23:44.448] [DEBUG] cheese - admin
[2020-09-09T23:23:44.659] [DEBUG] cheese - null
[2020-09-09T23:23:44.660] [DEBUG] cheese - null
[2020-09-09T23:27:37.793] [DEBUG] cheese - login => username:admin,password:123456
[2020-09-09T23:27:37.793] [DEBUG] cheese - admin
[2020-09-09T23:27:37.797] [DEBUG] cheese - null
[2020-09-09T23:27:37.797] [DEBUG] cheese - null
[2020-09-09T23:31:41.850] [DEBUG] cheese - login => username:admin,password:123456
[2020-09-09T23:31:41.850] [DEBUG] cheese - admin
[2020-09-09T23:31:41.853] [DEBUG] cheese - null
[2020-09-09T23:31:41.853] [DEBUG] cheese - null
[2020-09-09T23:58:18.419] [DEBUG] cheese - login => username:admin,password:123456
[2020-09-09T23:58:18.420] [DEBUG] cheese - admin
[2020-09-09T23:58:18.422] [DEBUG] cheese - null
[2020-09-09T23:58:18.423] [DEBUG] cheese - null
[2020-09-09T23:58:22.248] [DEBUG] cheese - login => username:admin,password:123456
[2020-09-09T23:58:22.248] [DEBUG] cheese - admin
[2020-09-09T23:58:22.251] [DEBUG] cheese - null
[2020-09-09T23:58:22.251] [DEBUG] cheese - null
[2020-09-09T23:58:27.513] [DEBUG] cheese - login => username:admin,password:123456
[2020-09-09T23:58:27.513] [DEBUG] cheese - admin
[2020-09-09T23:58:27.514] [DEBUG] cheese - null
[2020-09-09T23:58:27.515] [DEBUG] cheese - null
[2020-09-10T00:15:15.231] [DEBUG] cheese - login => username:admin,password:123456
[2020-09-10T00:15:15.231] [DEBUG] cheese - admin
[2020-09-10T00:15:15.234] [DEBUG] cheese - null
[2020-09-10T00:15:15.234] [DEBUG] cheese - null
[2020-09-10T14:59:52.839] [DEBUG] cheese - login => username:admin,password:123456
[2020-09-10T14:59:52.852] [DEBUG] cheese - admin
[2020-09-10T14:59:53.134] [DEBUG] cheese - null
[2020-09-10T14:59:53.134] [DEBUG] cheese - null
[2020-09-10T15:09:58.568] [DEBUG] cheese - login => username:admin,password:123456
[2020-09-10T15:09:58.568] [DEBUG] cheese - admin
[2020-09-10T15:09:58.570] [DEBUG] cheese - null
[2020-09-10T15:09:58.570] [DEBUG] cheese - null
[2020-09-10T15:19:59.427] [DEBUG] cheese - login => username:admin,password:123456
[2020-09-10T15:19:59.427] [DEBUG] cheese - admin
[2020-09-10T15:19:59.429] [DEBUG] cheese - null
[2020-09-10T15:19:59.429] [DEBUG] cheese - null
[2020-09-10T15:27:29.891] [DEBUG] cheese - login => username:admin,password:123456
[2020-09-10T15:27:29.891] [DEBUG] cheese - admin
[2020-09-10T15:27:29.894] [DEBUG] cheese - null
[2020-09-10T15:27:29.894] [DEBUG] cheese - null
[2020-09-10T16:00:50.861] [DEBUG] cheese - login => username:admin,password:123456
[2020-09-10T16:00:50.861] [DEBUG] cheese - admin
[2020-09-10T16:00:50.865] [DEBUG] cheese - null
[2020-09-10T16:00:50.865] [DEBUG] cheese - null
[2020-09-10T16:19:55.304] [DEBUG] cheese - login => username:admin,password:123456
[2020-09-10T16:19:55.304] [DEBUG] cheese - admin
[2020-09-10T16:19:55.305] [DEBUG] cheese - null
[2020-09-10T16:19:55.306] [DEBUG] cheese - null
[2020-09-10T17:36:34.610] [DEBUG] cheese - login => username:admin,password:123456
[2020-09-10T17:36:34.611] [DEBUG] cheese - admin
[2020-09-10T17:36:34.615] [DEBUG] cheese - null
[2020-09-10T17:36:34.615] [DEBUG] cheese - null
[2020-09-10T18:30:03.264] [DEBUG] cheese - login => username:admin,password:123456
[2020-09-10T18:30:03.265] [DEBUG] cheese - admin
[2020-09-10T18:30:03.274] [DEBUG] cheese - null
[2020-09-10T18:30:03.274] [DEBUG] cheese - null
[2020-09-10T18:31:28.477] [DEBUG] cheese - login => username:admin,password:123456
[2020-09-10T18:31:28.477] [DEBUG] cheese - admin
[2020-09-10T18:31:28.479] [DEBUG] cheese - null
[2020-09-10T18:31:28.479] [DEBUG] cheese - null
[2020-09-10T18:31:35.892] [DEBUG] cheese - login => username:admin,password:123456
[2020-09-10T18:31:35.892] [DEBUG] cheese - admin
[2020-09-10T18:31:35.895] [DEBUG] cheese - null
[2020-09-10T18:31:35.895] [DEBUG] cheese - null
[2020-09-10T18:31:52.540] [DEBUG] cheese - login => username:admin,password:123456
[2020-09-10T18:31:52.540] [DEBUG] cheese - admin
[2020-09-10T18:31:52.544] [DEBUG] cheese - null
[2020-09-10T18:31:52.544] [DEBUG] cheese - null
[2020-09-10T18:34:07.097] [DEBUG] cheese - login => username:admin,password:123456
[2020-09-10T18:34:07.097] [DEBUG] cheese - admin
[2020-09-10T18:34:07.099] [DEBUG] cheese - null
[2020-09-10T18:34:07.099] [DEBUG] cheese - null
[2020-09-10T19:23:40.184] [DEBUG] cheese - login => username:admin,password:123456
[2020-09-10T19:23:40.185] [DEBUG] cheese - admin
[2020-09-10T19:23:40.195] [DEBUG] cheese - null
[2020-09-10T19:23:40.195] [DEBUG] cheese - null
[2020-09-11T09:54:42.533] [DEBUG] cheese - login => username:admin,password:123456
[2020-09-11T09:54:42.534] [DEBUG] cheese - admin
[2020-09-11T09:54:42.619] [DEBUG] cheese - null
[2020-09-11T09:54:42.620] [DEBUG] cheese - null
[2020-09-11T21:41:14.067] [DEBUG] cheese - login => username:admin,password:123456
[2020-09-11T21:41:14.068] [DEBUG] cheese - admin
[2020-09-11T21:41:14.074] [DEBUG] cheese - null
[2020-09-11T21:41:14.075] [DEBUG] cheese - null
[2020-09-11T21:47:21.580] [DEBUG] cheese - login => username:admin,password:123456
[2020-09-11T21:47:21.581] [DEBUG] cheese - admin
[2020-09-11T21:47:21.584] [DEBUG] cheese - null
[2020-09-11T21:47:21.584] [DEBUG] cheese - null
[2020-09-11T21:53:48.030] [DEBUG] cheese - login => username:admin,password:123456
[2020-09-11T21:53:48.030] [DEBUG] cheese - admin
[2020-09-11T21:53:48.033] [DEBUG] cheese - null
[2020-09-11T21:53:48.033] [DEBUG] cheese - null
[2020-09-12T14:31:16.649] [DEBUG] cheese - login => username:admin,password:123456
[2020-09-12T14:31:16.650] [DEBUG] cheese - admin
[2020-09-12T14:31:16.754] [DEBUG] cheese - null
[2020-09-12T14:31:16.754] [DEBUG] cheese - null
[2020-09-12T15:14:38.749] [DEBUG] cheese - login => username:admin,password:123456
[2020-09-12T15:14:38.749] [DEBUG] cheese - admin
[2020-09-12T15:14:38.752] [DEBUG] cheese - null
[2020-09-12T15:14:38.752] [DEBUG] cheese - null
[2020-09-12T19:04:10.551] [DEBUG] cheese - login => username:admin,password:123456
[2020-09-12T19:04:10.652] [DEBUG] cheese - admin
[2020-09-12T19:04:10.667] [DEBUG] cheese - null
[2020-09-12T19:04:10.667] [DEBUG] cheese - null
[2020-09-12T21:21:38.122] [DEBUG] cheese - null
[2020-09-12T21:22:23.159] [DEBUG] cheese - null
[2020-09-12T21:23:45.573] [DEBUG] cheese - null
[2020-09-12T21:28:43.120] [DEBUG] cheese - null
[2020-09-13T01:43:32.362] [DEBUG] cheese - login => username:admin,password:123456
[2020-09-13T01:43:32.363] [DEBUG] cheese - admin
[2020-09-13T01:43:32.538] [DEBUG] cheese - null
[2020-09-13T01:43:32.539] [DEBUG] cheese - null
[2020-09-13T15:33:47.086] [DEBUG] cheese - login => username:admin,password:123456
[2020-09-13T15:33:47.087] [DEBUG] cheese - admin
[2020-09-13T15:33:47.188] [DEBUG] cheese - null
[2020-09-13T15:33:47.188] [DEBUG] cheese - null
[2020-09-13T17:09:34.468] [DEBUG] cheese - login => username:admin,password:123456
[2020-09-13T17:09:34.468] [DEBUG] cheese - admin
[2020-09-13T17:09:34.470] [DEBUG] cheese - null
[2020-09-13T17:09:34.470] [DEBUG] cheese - null
[2020-09-13T20:12:13.465] [DEBUG] cheese - login => username:admin,password:123456
[2020-09-13T20:12:13.466] [DEBUG] cheese - admin
[2020-09-13T20:12:13.469] [DEBUG] cheese - null
[2020-09-13T20:12:13.470] [DEBUG] cheese - null
[2020-09-15T00:25:47.527] [DEBUG] cheese - login => username:admin,password:123456
[2020-09-15T00:25:47.529] [DEBUG] cheese - admin
[2020-09-15T00:25:47.737] [DEBUG] cheese - null
[2020-09-15T00:25:47.738] [DEBUG] cheese - null
[2020-09-18T17:50:37.164] [DEBUG] cheese - login => username:admin,password:123456
[2020-09-18T17:50:37.165] [DEBUG] cheese - admin
[2020-09-18T17:50:37.397] [DEBUG] cheese - null
[2020-09-18T17:50:37.397] [DEBUG] cheese - null
[2020-09-18T17:53:43.893] [DEBUG] cheese - login => username:admin,password:123456
[2020-09-18T17:53:43.893] [DEBUG] cheese - admin
[2020-09-18T17:53:43.896] [DEBUG] cheese - null
[2020-09-18T17:53:43.896] [DEBUG] cheese - null
[2020-09-18T18:17:53.943] [DEBUG] cheese - login => username:admin,password:123456
[2020-09-18T18:17:53.945] [DEBUG] cheese - admin
[2020-09-18T18:17:53.951] [DEBUG] cheese - null
[2020-09-18T18:17:53.951] [DEBUG] cheese - null
